<?xml version="1.0" encoding="UTF-8"?>
<testsuite xmlns:xsi="http://www.w3.org/2001/XMLSchema-instance" xsi:noNamespaceSchemaLocation="https://maven.apache.org/surefire/maven-surefire-plugin/xsd/surefire-test-report-3.0.xsd" version="3.0" name="NameTest" time="0.063" tests="8" errors="0" skipped="0" failures="0">
  <properties>
    <property name="java.specification.version" value="24"/>
    <property name="sun.jnu.encoding" value="UTF-8"/>
    <property name="java.class.path" value="/workspaces/monetary-transactions-api-/api-backend/target/test-classes:/workspaces/monetary-transactions-api-/api-backend/target/classes:/home/codespace/.m2/repository/org/junit/jupiter/junit-jupiter-api/6.0.0-M2/junit-jupiter-api-6.0.0-M2.jar:/home/codespace/.m2/repository/org/opentest4j/opentest4j/1.3.0/opentest4j-1.3.0.jar:/home/codespace/.m2/repository/org/junit/platform/junit-platform-commons/6.0.0-M2/junit-platform-commons-6.0.0-M2.jar:/home/codespace/.m2/repository/org/apiguardian/apiguardian-api/1.1.2/apiguardian-api-1.1.2.jar:/home/codespace/.m2/repository/org/jspecify/jspecify/1.0.0/jspecify-1.0.0.jar:"/>
    <property name="java.vm.vendor" value="Amazon.com Inc."/>
    <property name="sun.arch.data.model" value="64"/>
    <property name="java.vendor.url" value="https://aws.amazon.com/corretto/"/>
    <property name="os.name" value="Linux"/>
    <property name="java.vm.specification.version" value="24"/>
    <property name="sun.java.launcher" value="SUN_STANDARD"/>
    <property name="sun.boot.library.path" value="/usr/local/sdkman/candidates/java/24.0.2-amzn/lib"/>
    <property name="sun.java.command" value="/workspaces/monetary-transactions-api-/api-backend/target/surefire/surefirebooter-20250801195429870_3.jar /workspaces/monetary-transactions-api-/api-backend/target/surefire 2025-08-01T19-54-29_757-jvmRun1 surefire-20250801195429870_1tmp surefire_0-20250801195429870_2tmp"/>
    <property name="jdk.debug" value="release"/>
    <property name="surefire.test.class.path" value="/workspaces/monetary-transactions-api-/api-backend/target/test-classes:/workspaces/monetary-transactions-api-/api-backend/target/classes:/home/codespace/.m2/repository/org/junit/jupiter/junit-jupiter-api/6.0.0-M2/junit-jupiter-api-6.0.0-M2.jar:/home/codespace/.m2/repository/org/opentest4j/opentest4j/1.3.0/opentest4j-1.3.0.jar:/home/codespace/.m2/repository/org/junit/platform/junit-platform-commons/6.0.0-M2/junit-platform-commons-6.0.0-M2.jar:/home/codespace/.m2/repository/org/apiguardian/apiguardian-api/1.1.2/apiguardian-api-1.1.2.jar:/home/codespace/.m2/repository/org/jspecify/jspecify/1.0.0/jspecify-1.0.0.jar:"/>
    <property name="sun.cpu.endian" value="little"/>
    <property name="user.home" value="/home/codespace"/>
    <property name="user.language" value="en"/>
    <property name="java.specification.vendor" value="Oracle Corporation"/>
    <property name="java.version.date" value="2025-07-15"/>
    <property name="java.home" value="/usr/local/sdkman/candidates/java/24.0.2-amzn"/>
    <property name="file.separator" value="/"/>
    <property name="basedir" value="/workspaces/monetary-transactions-api-/api-backend"/>
    <property name="java.vm.compressedOopsMode" value="32-bit"/>
    <property name="line.separator" value="&#10;"/>
    <property name="java.specification.name" value="Java Platform API Specification"/>
    <property name="java.vm.specification.vendor" value="Oracle Corporation"/>
    <property name="surefire.real.class.path" value="/workspaces/monetary-transactions-api-/api-backend/target/surefire/surefirebooter-20250801195429870_3.jar"/>
    <property name="sun.management.compiler" value="HotSpot 64-Bit Tiered Compilers"/>
    <property name="java.runtime.version" value="24.0.2+12-FR"/>
    <property name="user.name" value="codespace"/>
    <property name="stdout.encoding" value="UTF-8"/>
    <property name="path.separator" value=":"/>
    <property name="os.version" value="6.8.0-1030-azure"/>
    <property name="java.runtime.name" value="OpenJDK Runtime Environment"/>
    <property name="file.encoding" value="UTF-8"/>
    <property name="java.vm.name" value="OpenJDK 64-Bit Server VM"/>
    <property name="java.vendor.version" value="Corretto-24.0.2.12.1"/>
    <property name="localRepository" value="/home/codespace/.m2/repository"/>
    <property name="java.vendor.url.bug" value="https://github.com/corretto/corretto-24/issues/"/>
    <property name="java.io.tmpdir" value="/tmp"/>
    <property name="java.version" value="24.0.2"/>
    <property name="user.dir" value="/workspaces/monetary-transactions-api-/api-backend"/>
    <property name="os.arch" value="amd64"/>
    <property name="java.vm.specification.name" value="Java Virtual Machine Specification"/>
    <property name="native.encoding" value="UTF-8"/>
    <property name="java.library.path" value="/usr/java/packages/lib:/usr/lib64:/lib64:/lib:/usr/lib"/>
    <property name="java.vm.info" value="mixed mode, sharing"/>
    <property name="stderr.encoding" value="UTF-8"/>
    <property name="java.vendor" value="Amazon.com Inc."/>
    <property name="java.vm.version" value="24.0.2+12-FR"/>
    <property name="sun.io.unicode.encoding" value="UnicodeLittle"/>
    <property name="java.class.version" value="68.0"/>
  </properties>
  <testcase name="nameCannotBeLongerThan250Characters" classname="NameTest" time="0.007"/>
  <testcase name="validNameShouldBeAccepted" classname="NameTest" time="0.009"/>
  <testcase name="nameCannotBeNull" classname="NameTest" time="0.007"/>
  <testcase name="nameWithAccentedCharactersIsAccepted" classname="NameTest" time="0.006"/>
  <testcase name="nameCannotContainSpecialCharacters" classname="NameTest" time="0.004"/>
  <testcase name="nameCannotContainNumbers" classname="NameTest" time="0.003"/>
  <testcase name="nameIsTrimmed" classname="NameTest" time="0.004"/>
  <testcase name="nameCannotBeBlank" classname="NameTest" time="0.001"/>
</testsuite>